# JRE version: OpenJDK Runtime Environment (11.0.8+10) (build 11.0.8+10-b944.6842174)
# Java VM: OpenJDK 64-Bit Server VM (11.0.8+10-b944.6842174, mixed mode, tiered, compressed oops, g1 gc, windows-amd64)
Heap:
 garbage-first heap   total 415744K, used 286249K [0x0000000080000000, 0x0000000100000000)
  region size 1024K, 182 young (186368K), 7 survivors (7168K)
 Metaspace       used 100900K, capacity 103380K, committed 104652K, reserved 1140736K
  class space    used 12666K, capacity 13555K, committed 14080K, reserved 1048576K
GC Heap History (20 events):
Event: 18.641 GC heap before
{Heap before GC invocations=27 (full 0):
 garbage-first heap   total 225280K, used 166563K [0x0000000080000000, 0x0000000100000000)
  region size 1024K, 77 young (78848K), 6 survivors (6144K)
 Metaspace       used 97182K, capacity 99965K, committed 100172K, reserved 1136640K
  class space    used 12587K, capacity 13628K, committed 13696K, reserved 1048576K
}
Event: 18.660 GC heap after
{Heap after GC invocations=28 (full 0):
 garbage-first heap   total 225280K, used 101614K [0x0000000080000000, 0x0000000100000000)
  region size 1024K, 10 young (10240K), 10 survivors (10240K)
 Metaspace       used 97182K, capacity 99965K, committed 100172K, reserved 1136640K
  class space    used 12587K, capacity 13628K, committed 13696K, reserved 1048576K
}
Event: 18.959 GC heap before
{Heap before GC invocations=28 (full 0):
 garbage-first heap   total 225280K, used 171246K [0x0000000080000000, 0x0000000100000000)
  region size 1024K, 78 young (79872K), 10 survivors (10240K)
 Metaspace       used 98767K, capacity 101578K, committed 101708K, reserved 1136640K
  class space    used 12800K, capacity 13866K, committed 13952K, reserved 1048576K
}
Event: 18.974 GC heap after
{Heap after GC invocations=29 (full 0):
 garbage-first heap   total 225280K, used 103757K [0x0000000080000000, 0x0000000100000000)
  region size 1024K, 3 young (3072K), 3 survivors (3072K)
 Metaspace       used 98767K, capacity 101578K, committed 101708K, reserved 1136640K
  class space    used 12800K, capacity 13866K, committed 13952K, reserved 1048576K
}
Event: 19.218 GC heap before
{Heap before GC invocations=29 (full 0):
 garbage-first heap   total 225280K, used 173389K [0x0000000080000000, 0x0000000100000000)
  region size 1024K, 72 young (73728K), 3 survivors (3072K)
 Metaspace       used 99382K, capacity 102282K, committed 102476K, reserved 1138688K
  class space    used 12855K, capacity 13947K, committed 13952K, reserved 1048576K
}
Event: 19.266 GC heap after
{Heap after GC invocations=30 (full 0):
 garbage-first heap   total 225280K, used 103432K [0x0000000080000000, 0x0000000100000000)
  region size 1024K, 2 young (2048K), 2 survivors (2048K)
 Metaspace       used 99382K, capacity 102282K, committed 102476K, reserved 1138688K
  class space    used 12855K, capacity 13947K, committed 13952K, reserved 1048576K
}
Event: 19.521 GC heap before
{Heap before GC invocations=30 (full 0):
 garbage-first heap   total 225280K, used 177160K [0x0000000080000000, 0x0000000100000000)
  region size 1024K, 74 young (75776K), 2 survivors (2048K)
 Metaspace       used 99443K, capacity 102282K, committed 102476K, reserved 1138688K
  class space    used 12855K, capacity 13947K, committed 13952K, reserved 1048576K
}
Event: 19.558 GC heap after
{Heap after GC invocations=31 (full 0):
 garbage-first heap   total 300032K, used 104064K [0x0000000080000000, 0x0000000100000000)
  region size 1024K, 3 young (3072K), 3 survivors (3072K)
 Metaspace       used 99443K, capacity 102282K, committed 102476K, reserved 1138688K
  class space    used 12855K, capacity 13947K, committed 13952K, reserved 1048576K
}
Event: 20.075 GC heap before
{Heap before GC invocations=32 (full 0):
 garbage-first heap   total 300032K, used 208435K [0x0000000080000000, 0x0000000100000000)
  region size 1024K, 106 young (108544K), 3 survivors (3072K)
 Metaspace       used 98893K, capacity 101306K, committed 102732K, reserved 1138688K
  class space    used 12610K, capacity 13499K, committed 13952K, reserved 1048576K
}
Event: 20.211 GC heap after
{Heap after GC invocations=33 (full 0):
 garbage-first heap   total 300032K, used 103826K [0x0000000080000000, 0x0000000100000000)
  region size 1024K, 4 young (4096K), 4 survivors (4096K)
 Metaspace       used 98893K, capacity 101306K, committed 102732K, reserved 1138688K
  class space    used 12610K, capacity 13499K, committed 13952K, reserved 1048576K
}
Event: 20.247 GC heap before
{Heap before GC invocations=33 (full 0):
 garbage-first heap   total 300032K, used 113042K [0x0000000080000000, 0x0000000100000000)
  region size 1024K, 14 young (14336K), 4 survivors (4096K)
 Metaspace       used 98912K, capacity 101306K, committed 102732K, reserved 1138688K
  class space    used 12610K, capacity 13499K, committed 13952K, reserved 1048576K
}
Event: 20.270 GC heap after
{Heap after GC invocations=34 (full 0):
 garbage-first heap   total 300032K, used 97504K [0x0000000080000000, 0x0000000100000000)
  region size 1024K, 1 young (1024K), 1 survivors (1024K)
 Metaspace       used 98912K, capacity 101306K, committed 102732K, reserved 1138688K
  class space    used 12610K, capacity 13499K, committed 13952K, reserved 1048576K
}
Event: 20.611 GC heap before
{Heap before GC invocations=34 (full 0):
 garbage-first heap   total 300032K, used 221408K [0x0000000080000000, 0x0000000100000000)
  region size 1024K, 122 young (124928K), 1 survivors (1024K)
 Metaspace       used 99054K, capacity 101470K, committed 102732K, reserved 1138688K
  class space    used 12616K, capacity 13508K, committed 13952K, reserved 1048576K
}
Event: 20.622 GC heap after
{Heap after GC invocations=35 (full 0):
 garbage-first heap   total 300032K, used 97935K [0x0000000080000000, 0x0000000100000000)
  region size 1024K, 2 young (2048K), 2 survivors (2048K)
 Metaspace       used 99054K, capacity 101470K, committed 102732K, reserved 1138688K
  class space    used 12616K, capacity 13508K, committed 13952K, reserved 1048576K
}
Event: 20.975 GC heap before
{Heap before GC invocations=35 (full 0):
 garbage-first heap   total 300032K, used 235151K [0x0000000080000000, 0x0000000100000000)
  region size 1024K, 136 young (139264K), 2 survivors (2048K)
 Metaspace       used 99221K, capacity 101665K, committed 102988K, reserved 1138688K
  class space    used 12619K, capacity 13508K, committed 13952K, reserved 1048576K
}
Event: 20.987 GC heap after
{Heap after GC invocations=36 (full 0):
 garbage-first heap   total 415744K, used 99489K [0x0000000080000000, 0x0000000100000000)
  region size 1024K, 3 young (3072K), 3 survivors (3072K)
 Metaspace       used 99221K, capacity 101665K, committed 102988K, reserved 1138688K
  class space    used 12619K, capacity 13508K, committed 13952K, reserved 1048576K
}
Event: 21.983 GC heap before
{Heap before GC invocations=36 (full 0):
 garbage-first heap   total 415744K, used 286881K [0x0000000080000000, 0x0000000100000000)
  region size 1024K, 186 young (190464K), 3 survivors (3072K)
 Metaspace       used 99848K, capacity 102264K, committed 103500K, reserved 1138688K
  class space    used 12619K, capacity 13508K, committed 13952K, reserved 1048576K
}
Event: 22.139 GC heap after
{Heap after GC invocations=37 (full 0):
 garbage-first heap   total 415744K, used 101418K [0x0000000080000000, 0x0000000100000000)
  region size 1024K, 5 young (5120K), 5 survivors (5120K)
 Metaspace       used 99848K, capacity 102264K, committed 103500K, reserved 1138688K
  class space    used 12619K, capacity 13508K, committed 13952K, reserved 1048576K
}
Event: 22.876 GC heap before
{Heap before GC invocations=37 (full 0):
 garbage-first heap   total 415744K, used 309290K [0x0000000080000000, 0x0000000100000000)
  region size 1024K, 208 young (212992K), 5 survivors (5120K)
 Metaspace       used 100112K, capacity 102552K, committed 103756K, reserved 1138688K
  class space    used 12619K, capacity 13508K, committed 13952K, reserved 1048576K
}
Event: 22.897 GC heap after
{Heap after GC invocations=38 (full 0):
 garbage-first heap   total 415744K, used 102953K [0x0000000080000000, 0x0000000100000000)
  region size 1024K, 7 young (7168K), 7 survivors (7168K)
 Metaspace       used 100112K, capacity 102552K, committed 103756K, reserved 1138688K
  class space    used 12619K, capacity 13508K, committed 13952K, reserved 1048576K
}

