# JRE version: OpenJDK Runtime Environment (11.0.8+10) (build 11.0.8+10-b944.6842174)
# Java VM: OpenJDK 64-Bit Server VM (11.0.8+10-b944.6842174, mixed mode, tiered, compressed oops, g1 gc, windows-amd64)
Heap:
 garbage-first heap   total 401408K, used 175968K [0x0000000080000000, 0x0000000100000000)
  region size 1024K, 22 young (22528K), 14 survivors (14336K)
 Metaspace       used 104622K, capacity 107286K, committed 107428K, reserved 1142784K
  class space    used 13487K, capacity 14448K, committed 14464K, reserved 1048576K
GC Heap History (20 events):
Event: 16.661 GC heap before
{Heap before GC invocations=33 (full 0):
 garbage-first heap   total 155648K, used 131072K [0x0000000080000000, 0x0000000100000000)
  region size 1024K, 8 young (8192K), 2 survivors (2048K)
 Metaspace       used 86652K, capacity 88703K, committed 88868K, reserved 1126400K
  class space    used 11305K, capacity 12017K, committed 12032K, reserved 1048576K
}
Event: 16.672 GC heap after
{Heap after GC invocations=34 (full 0):
 garbage-first heap   total 217088K, used 129024K [0x0000000080000000, 0x0000000100000000)
  region size 1024K, 1 young (1024K), 1 survivors (1024K)
 Metaspace       used 86652K, capacity 88703K, committed 88868K, reserved 1126400K
  class space    used 11305K, capacity 12017K, committed 12032K, reserved 1048576K
}
Event: 17.097 GC heap before
{Heap before GC invocations=35 (full 0):
 garbage-first heap   total 217088K, used 159744K [0x0000000080000000, 0x0000000100000000)
  region size 1024K, 32 young (32768K), 1 survivors (1024K)
 Metaspace       used 88963K, capacity 91203K, committed 91428K, reserved 1128448K
  class space    used 11619K, capacity 12417K, committed 12544K, reserved 1048576K
}
Event: 17.128 GC heap after
{Heap after GC invocations=36 (full 0):
 garbage-first heap   total 217088K, used 134873K [0x0000000080000000, 0x0000000100000000)
  region size 1024K, 4 young (4096K), 4 survivors (4096K)
 Metaspace       used 88963K, capacity 91203K, committed 91428K, reserved 1128448K
  class space    used 11619K, capacity 12417K, committed 12544K, reserved 1048576K
}
Event: 17.324 GC heap before
{Heap before GC invocations=36 (full 0):
 garbage-first heap   total 217088K, used 152281K [0x0000000080000000, 0x0000000100000000)
  region size 1024K, 23 young (23552K), 4 survivors (4096K)
 Metaspace       used 89376K, capacity 91646K, committed 91940K, reserved 1128448K
  class space    used 11663K, capacity 12435K, committed 12544K, reserved 1048576K
}
Event: 17.334 GC heap after
{Heap after GC invocations=37 (full 0):
 garbage-first heap   total 217088K, used 137709K [0x0000000080000000, 0x0000000100000000)
  region size 1024K, 3 young (3072K), 3 survivors (3072K)
 Metaspace       used 89376K, capacity 91646K, committed 91940K, reserved 1128448K
  class space    used 11663K, capacity 12435K, committed 12544K, reserved 1048576K
}
Event: 17.951 GC heap before
{Heap before GC invocations=38 (full 0):
 garbage-first heap   total 217088K, used 164333K [0x0000000080000000, 0x0000000100000000)
  region size 1024K, 30 young (30720K), 3 survivors (3072K)
 Metaspace       used 89748K, capacity 91983K, committed 92196K, reserved 1128448K
  class space    used 11681K, capacity 12455K, committed 12544K, reserved 1048576K
}
Event: 17.970 GC heap after
{Heap after GC invocations=39 (full 0):
 garbage-first heap   total 217088K, used 141792K [0x0000000080000000, 0x0000000100000000)
  region size 1024K, 4 young (4096K), 4 survivors (4096K)
 Metaspace       used 89748K, capacity 91983K, committed 92196K, reserved 1128448K
  class space    used 11681K, capacity 12455K, committed 12544K, reserved 1048576K
}
Event: 17.999 GC heap before
{Heap before GC invocations=39 (full 0):
 garbage-first heap   total 217088K, used 146912K [0x0000000080000000, 0x0000000100000000)
  region size 1024K, 10 young (10240K), 4 survivors (4096K)
 Metaspace       used 89753K, capacity 91984K, committed 92196K, reserved 1128448K
  class space    used 11681K, capacity 12455K, committed 12544K, reserved 1048576K
}
Event: 18.023 GC heap after
{Heap after GC invocations=40 (full 0):
 garbage-first heap   total 401408K, used 135492K [0x0000000080000000, 0x0000000100000000)
  region size 1024K, 1 young (1024K), 1 survivors (1024K)
 Metaspace       used 89753K, capacity 91984K, committed 92196K, reserved 1128448K
  class space    used 11681K, capacity 12455K, committed 12544K, reserved 1048576K
}
Event: 18.785 GC heap before
{Heap before GC invocations=40 (full 0):
 garbage-first heap   total 401408K, used 238916K [0x0000000080000000, 0x0000000100000000)
  region size 1024K, 94 young (96256K), 1 survivors (1024K)
 Metaspace       used 90201K, capacity 92445K, committed 92708K, reserved 1130496K
  class space    used 11703K, capacity 12498K, committed 12544K, reserved 1048576K
}
Event: 18.804 GC heap after
{Heap after GC invocations=41 (full 0):
 garbage-first heap   total 401408K, used 154762K [0x0000000080000000, 0x0000000100000000)
  region size 1024K, 11 young (11264K), 11 survivors (11264K)
 Metaspace       used 90201K, capacity 92445K, committed 92708K, reserved 1130496K
  class space    used 11703K, capacity 12498K, committed 12544K, reserved 1048576K
}
Event: 24.921 GC heap before
{Heap before GC invocations=41 (full 0):
 garbage-first heap   total 401408K, used 271498K [0x0000000080000000, 0x0000000100000000)
  region size 1024K, 124 young (126976K), 11 survivors (11264K)
 Metaspace       used 92624K, capacity 94994K, committed 95268K, reserved 1132544K
  class space    used 11917K, capacity 12723K, committed 12800K, reserved 1048576K
}
Event: 25.076 GC heap after
{Heap after GC invocations=42 (full 0):
 garbage-first heap   total 401408K, used 155306K [0x0000000080000000, 0x0000000100000000)
  region size 1024K, 6 young (6144K), 6 survivors (6144K)
 Metaspace       used 92624K, capacity 94994K, committed 95268K, reserved 1132544K
  class space    used 11917K, capacity 12723K, committed 12800K, reserved 1048576K
}
Event: 25.385 GC heap before
{Heap before GC invocations=42 (full 0):
 garbage-first heap   total 401408K, used 214698K [0x0000000080000000, 0x0000000100000000)
  region size 1024K, 64 young (65536K), 6 survivors (6144K)
 Metaspace       used 92641K, capacity 94994K, committed 95268K, reserved 1132544K
  class space    used 11918K, capacity 12723K, committed 12800K, reserved 1048576K
}
Event: 25.396 GC heap after
{Heap after GC invocations=43 (full 0):
 garbage-first heap   total 401408K, used 159673K [0x0000000080000000, 0x0000000100000000)
  region size 1024K, 5 young (5120K), 5 survivors (5120K)
 Metaspace       used 92641K, capacity 94994K, committed 95268K, reserved 1132544K
  class space    used 11918K, capacity 12723K, committed 12800K, reserved 1048576K
}
Event: 26.511 GC heap before
{Heap before GC invocations=43 (full 0):
 garbage-first heap   total 401408K, used 246713K [0x0000000080000000, 0x0000000100000000)
  region size 1024K, 90 young (92160K), 5 survivors (5120K)
 Metaspace       used 92714K, capacity 95063K, committed 95268K, reserved 1132544K
  class space    used 11929K, capacity 12788K, committed 12800K, reserved 1048576K
}
Event: 26.515 GC heap after
{Heap after GC invocations=44 (full 0):
 garbage-first heap   total 401408K, used 153807K [0x0000000080000000, 0x0000000100000000)
  region size 1024K, 2 young (2048K), 2 survivors (2048K)
 Metaspace       used 92714K, capacity 95063K, committed 95268K, reserved 1132544K
  class space    used 11929K, capacity 12788K, committed 12800K, reserved 1048576K
}
Event: 30.743 GC heap before
{Heap before GC invocations=44 (full 0):
 garbage-first heap   total 401408K, used 282831K [0x0000000080000000, 0x0000000100000000)
  region size 1024K, 125 young (128000K), 2 survivors (2048K)
 Metaspace       used 102870K, capacity 105405K, committed 105636K, reserved 1140736K
  class space    used 13186K, capacity 14113K, committed 14208K, reserved 1048576K
}
Event: 30.821 GC heap after
{Heap after GC invocations=45 (full 0):
 garbage-first heap   total 401408K, used 168800K [0x0000000080000000, 0x0000000100000000)
  region size 1024K, 14 young (14336K), 14 survivors (14336K)
 Metaspace       used 102870K, capacity 105405K, committed 105636K, reserved 1140736K
  class space    used 13186K, capacity 14113K, committed 14208K, reserved 1048576K
}

