# JRE version: OpenJDK Runtime Environment (11.0.8+10) (build 11.0.8+10-b944.6842174)
# Java VM: OpenJDK 64-Bit Server VM (11.0.8+10-b944.6842174, mixed mode, tiered, compressed oops, g1 gc, windows-amd64)
Heap:
 garbage-first heap   total 187392K, used 141626K [0x0000000080000000, 0x0000000100000000)
  region size 1024K, 18 young (18432K), 6 survivors (6144K)
 Metaspace       used 104185K, capacity 106903K, committed 107260K, reserved 1142784K
  class space    used 13101K, capacity 14047K, committed 14208K, reserved 1048576K
GC Heap History (20 events):
Event: 13.897 GC heap before
{Heap before GC invocations=30 (full 0):
 garbage-first heap   total 187392K, used 141596K [0x0000000080000000, 0x0000000100000000)
  region size 1024K, 57 young (58368K), 5 survivors (5120K)
 Metaspace       used 88732K, capacity 91160K, committed 91388K, reserved 1128448K
  class space    used 11595K, capacity 12408K, committed 12416K, reserved 1048576K
}
Event: 13.902 GC heap after
{Heap after GC invocations=31 (full 0):
 garbage-first heap   total 187392K, used 93631K [0x0000000080000000, 0x0000000100000000)
  region size 1024K, 7 young (7168K), 7 survivors (7168K)
 Metaspace       used 88732K, capacity 91160K, committed 91388K, reserved 1128448K
  class space    used 11595K, capacity 12408K, committed 12416K, reserved 1048576K
}
Event: 14.432 GC heap before
{Heap before GC invocations=31 (full 0):
 garbage-first heap   total 187392K, used 143807K [0x0000000080000000, 0x0000000100000000)
  region size 1024K, 57 young (58368K), 7 survivors (7168K)
 Metaspace       used 92741K, capacity 95392K, committed 95740K, reserved 1132544K
  class space    used 12138K, capacity 13083K, committed 13184K, reserved 1048576K
}
Event: 14.439 GC heap after
{Heap after GC invocations=32 (full 0):
 garbage-first heap   total 187392K, used 96294K [0x0000000080000000, 0x0000000100000000)
  region size 1024K, 5 young (5120K), 5 survivors (5120K)
 Metaspace       used 92741K, capacity 95392K, committed 95740K, reserved 1132544K
  class space    used 12138K, capacity 13083K, committed 13184K, reserved 1048576K
}
Event: 14.543 GC heap before
{Heap before GC invocations=33 (full 0):
 garbage-first heap   total 187392K, used 107558K [0x0000000080000000, 0x0000000100000000)
  region size 1024K, 17 young (17408K), 5 survivors (5120K)
 Metaspace       used 92642K, capacity 94983K, committed 95996K, reserved 1132544K
  class space    used 12016K, capacity 12850K, committed 13184K, reserved 1048576K
}
Event: 14.548 GC heap after
{Heap after GC invocations=34 (full 0):
 garbage-first heap   total 187392K, used 97921K [0x0000000080000000, 0x0000000100000000)
  region size 1024K, 2 young (2048K), 2 survivors (2048K)
 Metaspace       used 92642K, capacity 94983K, committed 95996K, reserved 1132544K
  class space    used 12016K, capacity 12850K, committed 13184K, reserved 1048576K
}
Event: 19.644 GC heap before
{Heap before GC invocations=35 (full 0):
 garbage-first heap   total 187392K, used 151169K [0x0000000080000000, 0x0000000100000000)
  region size 1024K, 54 young (55296K), 2 survivors (2048K)
 Metaspace       used 98097K, capacity 100608K, committed 101372K, reserved 1136640K
  class space    used 12531K, capacity 13423K, committed 13696K, reserved 1048576K
}
Event: 19.648 GC heap after
{Heap after GC invocations=36 (full 0):
 garbage-first heap   total 187392K, used 99916K [0x0000000080000000, 0x0000000100000000)
  region size 1024K, 4 young (4096K), 4 survivors (4096K)
 Metaspace       used 98097K, capacity 100608K, committed 101372K, reserved 1136640K
  class space    used 12531K, capacity 13423K, committed 13696K, reserved 1048576K
}
Event: 1727.544 GC heap before
{Heap before GC invocations=36 (full 0):
 garbage-first heap   total 187392K, used 151116K [0x0000000080000000, 0x0000000100000000)
  region size 1024K, 55 young (56320K), 4 survivors (4096K)
 Metaspace       used 99658K, capacity 102197K, committed 102780K, reserved 1138688K
  class space    used 12609K, capacity 13507K, committed 13824K, reserved 1048576K
}
Event: 1727.742 GC heap after
{Heap after GC invocations=37 (full 0):
 garbage-first heap   total 187392K, used 101158K [0x0000000080000000, 0x0000000100000000)
  region size 1024K, 5 young (5120K), 5 survivors (5120K)
 Metaspace       used 99658K, capacity 102197K, committed 102780K, reserved 1138688K
  class space    used 12609K, capacity 13507K, committed 13824K, reserved 1048576K
}
Event: 1731.374 GC heap before
{Heap before GC invocations=38 (full 0):
 garbage-first heap   total 187392K, used 153382K [0x0000000080000000, 0x0000000100000000)
  region size 1024K, 57 young (58368K), 5 survivors (5120K)
 Metaspace       used 102334K, capacity 104980K, committed 105340K, reserved 1140736K
  class space    used 12958K, capacity 13867K, committed 14080K, reserved 1048576K
}
Event: 1731.445 GC heap after
{Heap after GC invocations=39 (full 0):
 garbage-first heap   total 187392K, used 105217K [0x0000000080000000, 0x0000000100000000)
  region size 1024K, 8 young (8192K), 8 survivors (8192K)
 Metaspace       used 102334K, capacity 104980K, committed 105340K, reserved 1140736K
  class space    used 12958K, capacity 13867K, committed 14080K, reserved 1048576K
}
Event: 1733.589 GC heap before
{Heap before GC invocations=39 (full 0):
 garbage-first heap   total 187392K, used 154369K [0x0000000080000000, 0x0000000100000000)
  region size 1024K, 57 young (58368K), 8 survivors (8192K)
 Metaspace       used 103527K, capacity 106191K, committed 106364K, reserved 1142784K
  class space    used 13073K, capacity 13981K, committed 14080K, reserved 1048576K
}
Event: 1733.887 GC heap after
{Heap after GC invocations=40 (full 0):
 garbage-first heap   total 187392K, used 108451K [0x0000000080000000, 0x0000000100000000)
  region size 1024K, 4 young (4096K), 4 survivors (4096K)
 Metaspace       used 103527K, capacity 106191K, committed 106364K, reserved 1142784K
  class space    used 13073K, capacity 13981K, committed 14080K, reserved 1048576K
}
Event: 1734.790 GC heap before
{Heap before GC invocations=41 (full 0):
 garbage-first heap   total 187392K, used 155555K [0x0000000080000000, 0x0000000100000000)
  region size 1024K, 51 young (52224K), 4 survivors (4096K)
 Metaspace       used 103775K, capacity 106450K, committed 106620K, reserved 1142784K
  class space    used 13073K, capacity 13981K, committed 14080K, reserved 1048576K
}
Event: 1734.801 GC heap after
{Heap after GC invocations=42 (full 0):
 garbage-first heap   total 187392K, used 115172K [0x0000000080000000, 0x0000000100000000)
  region size 1024K, 7 young (7168K), 7 survivors (7168K)
 Metaspace       used 103775K, capacity 106450K, committed 106620K, reserved 1142784K
  class space    used 13073K, capacity 13981K, committed 14080K, reserved 1048576K
}
Event: 1734.837 GC heap before
{Heap before GC invocations=42 (full 0):
 garbage-first heap   total 187392K, used 119268K [0x0000000080000000, 0x0000000100000000)
  region size 1024K, 9 young (9216K), 7 survivors (7168K)
 Metaspace       used 103778K, capacity 106450K, committed 106620K, reserved 1142784K
  class space    used 13073K, capacity 13981K, committed 14080K, reserved 1048576K
}
Event: 1734.859 GC heap after
{Heap after GC invocations=43 (full 0):
 garbage-first heap   total 187392K, used 114053K [0x0000000080000000, 0x0000000100000000)
  region size 1024K, 2 young (2048K), 2 survivors (2048K)
 Metaspace       used 103778K, capacity 106450K, committed 106620K, reserved 1142784K
  class space    used 13073K, capacity 13981K, committed 14080K, reserved 1048576K
}
Event: 1736.823 GC heap before
{Heap before GC invocations=43 (full 0):
 garbage-first heap   total 187392K, used 153989K [0x0000000080000000, 0x0000000100000000)
  region size 1024K, 41 young (41984K), 2 survivors (2048K)
 Metaspace       used 103897K, capacity 106548K, committed 106748K, reserved 1142784K
  class space    used 13079K, capacity 14014K, committed 14208K, reserved 1048576K
}
Event: 1736.836 GC heap after
{Heap after GC invocations=44 (full 0):
 garbage-first heap   total 187392K, used 122170K [0x0000000080000000, 0x0000000100000000)
  region size 1024K, 6 young (6144K), 6 survivors (6144K)
 Metaspace       used 103897K, capacity 106548K, committed 106748K, reserved 1142784K
  class space    used 13079K, capacity 14014K, committed 14208K, reserved 1048576K
}

